mode: atomic
github.com/burnes/go-version/git.go:15.43,17.2 1 0
github.com/burnes/go-version/git.go:19.42,21.2 1 0
github.com/burnes/go-version/git.go:23.41,25.2 1 0
github.com/burnes/go-version/git.go:28.62,31.20 2 0
github.com/burnes/go-version/git.go:31.20,33.6 1 0
github.com/burnes/go-version/git.go:35.5,36.19 2 0
github.com/burnes/go-version/git.go:36.19,37.80 1 0
github.com/burnes/go-version/git.go:37.80,39.10 1 0
github.com/burnes/go-version/git.go:40.9,40.57 1 0
github.com/burnes/go-version/git.go:42.5,42.50 1 0
github.com/burnes/go-version/git.go:46.32,48.19 2 0
github.com/burnes/go-version/git.go:48.19,50.6 1 0
github.com/burnes/go-version/git.go:51.5,51.20 1 0
github.com/burnes/go-version/git.go:51.20,53.6 1 0
github.com/burnes/go-version/git.go:54.5,54.15 1 0
github.com/burnes/go-version/git.go:58.27,60.19 2 0
github.com/burnes/go-version/git.go:60.19,62.6 1 0
github.com/burnes/go-version/git.go:63.5,63.15 1 0
github.com/burnes/go-version/git.go:67.27,68.47 1 0
github.com/burnes/go-version/git.go:68.47,70.6 1 0
github.com/burnes/go-version/git.go:71.5,71.42 1 0
github.com/burnes/go-version/git.go:71.42,73.6 1 0
github.com/burnes/go-version/git.go:75.5,76.19 2 0
github.com/burnes/go-version/git.go:76.19,78.6 1 0
github.com/burnes/go-version/git.go:80.5,80.44 1 0
github.com/burnes/go-version/git.go:80.44,82.6 1 0
github.com/burnes/go-version/git.go:83.5,83.15 1 0
github.com/burnes/go-version/git.go:87.52,88.47 1 0
github.com/burnes/go-version/git.go:88.47,90.6 1 0
github.com/burnes/go-version/git.go:91.5,91.42 1 0
github.com/burnes/go-version/git.go:91.42,93.6 1 0
github.com/burnes/go-version/git.go:95.5,95.38 1 0
github.com/burnes/go-version/git.go:99.35,100.42 1 0
github.com/burnes/go-version/git.go:100.42,102.6 1 0
github.com/burnes/go-version/git.go:104.5,105.19 2 0
github.com/burnes/go-version/git.go:105.19,107.6 1 0
github.com/burnes/go-version/git.go:109.5,112.24 3 0
github.com/burnes/go-version/git.go:116.35,118.19 2 0
github.com/burnes/go-version/git.go:118.19,120.6 1 0
github.com/burnes/go-version/git.go:122.5,123.32 2 0
github.com/burnes/go-version/git.go:123.32,124.44 1 0
github.com/burnes/go-version/git.go:124.44,126.31 2 0
github.com/burnes/go-version/git.go:126.31,127.25 1 0
github.com/burnes/go-version/git.go:129.13,133.46 3 0
github.com/burnes/go-version/git.go:133.46,135.14 1 0
github.com/burnes/go-version/git.go:135.19,137.51 1 0
github.com/burnes/go-version/git.go:137.51,139.18 1 0
github.com/burnes/go-version/git.go:140.17,141.35 2 0
github.com/burnes/go-version/git.go:141.35,143.18 1 0
github.com/burnes/go-version/git.go:147.13,153.31 4 0
github.com/burnes/go-version/git.go:156.5,156.90 1 0
github.com/burnes/go-version/git.go:160.34,162.19 2 0
github.com/burnes/go-version/git.go:162.19,164.6 1 0
github.com/burnes/go-version/git.go:166.5,167.32 2 0
github.com/burnes/go-version/git.go:167.32,168.44 1 0
github.com/burnes/go-version/git.go:168.44,170.31 2 0
github.com/burnes/go-version/git.go:170.31,171.25 1 0
github.com/burnes/go-version/git.go:173.13,177.46 3 0
github.com/burnes/go-version/git.go:177.46,179.14 1 0
github.com/burnes/go-version/git.go:179.19,181.51 1 0
github.com/burnes/go-version/git.go:181.51,183.18 1 0
github.com/burnes/go-version/git.go:184.17,185.35 2 0
github.com/burnes/go-version/git.go:185.35,187.18 1 0
github.com/burnes/go-version/git.go:191.13,192.31 2 0
github.com/burnes/go-version/git.go:192.31,194.14 1 0
github.com/burnes/go-version/git.go:197.5,197.90 1 0
github.com/burnes/go-version/git.go:201.35,203.2 1 0
github.com/burnes/go-version/git.go:206.32,208.19 2 0
github.com/burnes/go-version/git.go:208.19,210.6 1 0
github.com/burnes/go-version/git.go:212.5,213.19 2 0
github.com/burnes/go-version/git.go:213.19,215.6 1 0
github.com/burnes/go-version/git.go:217.5,218.19 2 0
github.com/burnes/go-version/git.go:218.19,220.6 1 0
github.com/burnes/go-version/git.go:222.5,222.67 1 0
github.com/burnes/go-version/git.go:226.37,228.19 2 0
github.com/burnes/go-version/git.go:228.19,230.6 1 0
github.com/burnes/go-version/git.go:232.5,232.21 1 0
github.com/burnes/go-version/git.go:232.21,234.6 1 0
github.com/burnes/go-version/git.go:236.5,236.63 1 0
github.com/burnes/go-version/git.go:240.52,243.19 2 0
github.com/burnes/go-version/git.go:243.19,245.6 1 0
github.com/burnes/go-version/git.go:248.5,249.19 2 0
github.com/burnes/go-version/git.go:249.19,251.6 1 0
github.com/burnes/go-version/git.go:253.5,253.23 1 0
github.com/burnes/go-version/git.go:253.23,255.6 1 0
github.com/burnes/go-version/git.go:258.5,258.30 1 0
github.com/burnes/go-version/git.go:258.30,260.49 1 0
github.com/burnes/go-version/git.go:260.49,261.21 1 0
github.com/burnes/go-version/git.go:265.9,266.23 2 0
github.com/burnes/go-version/git.go:266.23,268.21 2 0
github.com/burnes/go-version/git.go:272.9,272.52 1 0
github.com/burnes/go-version/git.go:272.52,274.10 1 0
github.com/burnes/go-version/git.go:277.5,277.82 1 0
github.com/burnes/go-version/main.go:33.13,43.2 9 1
github.com/burnes/go-version/main.go:45.20,46.37 1 0
github.com/burnes/go-version/main.go:46.37,57.6 1 0
github.com/burnes/go-version/main.go:57.11,68.6 1 0
github.com/burnes/go-version/main.go:71.24,74.19 2 0
github.com/burnes/go-version/main.go:74.19,76.6 1 0
github.com/burnes/go-version/main.go:77.5,77.54 1 0
github.com/burnes/go-version/main.go:80.53,84.2 2 0
github.com/burnes/go-version/main.go:86.55,89.2 2 0
github.com/burnes/go-version/main.go:91.53,92.18 1 0
github.com/burnes/go-version/main.go:92.18,96.6 2 0
github.com/burnes/go-version/main.go:99.52,100.20 1 0
github.com/burnes/go-version/main.go:100.20,103.6 2 0
github.com/burnes/go-version/main.go:106.55,110.2 2 0
github.com/burnes/go-version/main.go:112.18,143.2 1 0
github.com/burnes/go-version/main.go:145.13,149.17 3 0
github.com/burnes/go-version/main.go:149.17,152.6 2 0
github.com/burnes/go-version/main.go:154.5,154.20 1 0
github.com/burnes/go-version/main.go:154.20,157.6 2 0
github.com/burnes/go-version/main.go:159.5,160.23 2 0
github.com/burnes/go-version/main.go:160.23,164.6 3 0
github.com/burnes/go-version/main.go:166.5,174.20 6 0
github.com/burnes/go-version/main.go:175.20,176.35 1 0
github.com/burnes/go-version/main.go:177.19,178.34 1 0
github.com/burnes/go-version/main.go:179.20,180.35 1 0
github.com/burnes/go-version/main.go:181.20,182.35 1 0
github.com/burnes/go-version/main.go:183.17,184.32 1 0
github.com/burnes/go-version/main.go:185.18,186.33 1 0
github.com/burnes/go-version/main.go:186.33,188.10 1 0
github.com/burnes/go-version/main.go:188.15,190.25 2 0
github.com/burnes/go-version/main.go:190.25,192.14 1 0
github.com/burnes/go-version/main.go:192.19,194.14 1 0
github.com/burnes/go-version/main.go:196.27,197.33 1 0
github.com/burnes/go-version/main.go:197.33,199.10 1 0
github.com/burnes/go-version/main.go:199.15,201.25 2 0
github.com/burnes/go-version/main.go:201.25,203.14 1 0
github.com/burnes/go-version/main.go:203.19,205.14 1 0
github.com/burnes/go-version/main.go:207.17,208.33 1 0
github.com/burnes/go-version/main.go:208.33,210.10 1 0
github.com/burnes/go-version/main.go:210.15,212.25 2 0
github.com/burnes/go-version/main.go:212.25,214.14 1 0
github.com/burnes/go-version/main.go:214.19,216.14 1 0
github.com/burnes/go-version/main.go:218.23,219.33 1 0
github.com/burnes/go-version/main.go:219.33,221.10 1 0
github.com/burnes/go-version/main.go:221.15,223.25 2 0
github.com/burnes/go-version/main.go:223.25,225.14 1 0
github.com/burnes/go-version/main.go:225.19,227.14 1 0
github.com/burnes/go-version/main.go:229.17,230.37 1 0
github.com/burnes/go-version/main.go:231.13,234.19 3 0
github.com/burnes/go-version/main.go:237.5,237.19 1 0
github.com/burnes/go-version/main.go:237.19,240.6 2 0
github.com/burnes/go-version/main.go:242.5,242.21 1 0
github.com/burnes/go-version/main.go:242.21,244.6 1 0
github.com/burnes/go-version/version.go:24.39,25.15 1 5
github.com/burnes/go-version/version.go:26.29,27.25 1 1
github.com/burnes/go-version/version.go:28.32,29.29 1 1
github.com/burnes/go-version/version.go:30.33,31.30 1 1
github.com/burnes/go-version/version.go:32.34,33.38 1 1
github.com/burnes/go-version/version.go:34.13,35.25 1 1
github.com/burnes/go-version/version.go:39.42,40.33 1 5
github.com/burnes/go-version/version.go:40.33,42.6 1 1
github.com/burnes/go-version/version.go:43.5,43.19 1 4
github.com/burnes/go-version/version.go:67.56,71.81 2 22
github.com/burnes/go-version/version.go:71.81,83.6 4 6
github.com/burnes/go-version/version.go:86.5,86.84 1 16
github.com/burnes/go-version/version.go:86.84,100.6 5 6
github.com/burnes/go-version/version.go:103.5,103.85 1 10
github.com/burnes/go-version/version.go:103.85,117.6 5 3
github.com/burnes/go-version/version.go:120.5,120.86 1 7
github.com/burnes/go-version/version.go:120.86,134.6 5 3
github.com/burnes/go-version/version.go:136.5,136.69 1 4
github.com/burnes/go-version/version.go:140.44,143.2 2 0
github.com/burnes/go-version/version.go:146.56,148.19 2 0
github.com/burnes/go-version/version.go:148.19,150.6 1 0
github.com/burnes/go-version/version.go:151.5,151.38 1 0
github.com/burnes/go-version/version.go:155.54,157.19 2 0
github.com/burnes/go-version/version.go:157.19,159.6 1 0
github.com/burnes/go-version/version.go:160.5,160.41 1 0
github.com/burnes/go-version/version.go:164.41,166.27 1 35
github.com/burnes/go-version/version.go:166.27,168.6 1 8
github.com/burnes/go-version/version.go:169.5,169.27 1 27
github.com/burnes/go-version/version.go:169.27,171.6 1 1
github.com/burnes/go-version/version.go:172.5,172.27 1 26
github.com/burnes/go-version/version.go:172.27,174.6 1 7
github.com/burnes/go-version/version.go:177.5,177.25 1 19
github.com/burnes/go-version/version.go:177.25,179.6 1 15
github.com/burnes/go-version/version.go:182.5,182.19 1 4
github.com/burnes/go-version/version.go:183.32,184.62 1 3
github.com/burnes/go-version/version.go:185.33,186.64 1 0
github.com/burnes/go-version/version.go:187.34,188.66 1 0
github.com/burnes/go-version/version.go:189.13,190.17 1 1
github.com/burnes/go-version/version.go:195.42,202.29 4 16
github.com/burnes/go-version/version.go:202.29,204.6 1 2
github.com/burnes/go-version/version.go:206.5,206.33 1 16
github.com/burnes/go-version/version.go:206.33,208.28 2 19
github.com/burnes/go-version/version.go:208.28,210.10 1 19
github.com/burnes/go-version/version.go:211.9,211.28 1 19
github.com/burnes/go-version/version.go:211.28,213.10 1 19
github.com/burnes/go-version/version.go:215.9,216.24 2 19
github.com/burnes/go-version/version.go:216.24,218.10 1 13
github.com/burnes/go-version/version.go:221.5,221.13 1 3
github.com/burnes/go-version/version.go:225.50,229.2 2 32
github.com/burnes/go-version/version.go:232.45,234.27 1 19
github.com/burnes/go-version/version.go:234.27,236.6 1 0
github.com/burnes/go-version/version.go:237.5,237.16 1 19
github.com/burnes/go-version/version.go:237.16,239.6 1 0
github.com/burnes/go-version/version.go:240.5,240.16 1 19
github.com/burnes/go-version/version.go:240.16,242.6 1 0
github.com/burnes/go-version/version.go:245.5,249.35 3 19
github.com/burnes/go-version/version.go:249.35,251.6 1 6
github.com/burnes/go-version/version.go:254.5,254.35 1 13
github.com/burnes/go-version/version.go:254.35,256.6 1 1
github.com/burnes/go-version/version.go:257.5,257.35 1 12
github.com/burnes/go-version/version.go:257.35,259.6 1 1
github.com/burnes/go-version/version.go:262.5,262.33 1 11
github.com/burnes/go-version/version.go:266.37,270.24 3 0
github.com/burnes/go-version/version.go:270.24,272.23 2 0
github.com/burnes/go-version/version.go:272.23,276.10 2 0
github.com/burnes/go-version/version.go:279.5,279.41 1 0
github.com/burnes/go-version/version.go:279.41,281.6 1 0
github.com/burnes/go-version/version.go:283.5,283.27 1 0
github.com/burnes/go-version/version.go:283.27,285.6 1 0
github.com/burnes/go-version/version.go:288.5,289.32 2 0
github.com/burnes/go-version/version.go:289.32,291.23 2 0
github.com/burnes/go-version/version.go:291.23,293.10 1 0
github.com/burnes/go-version/version.go:294.9,294.56 1 0
github.com/burnes/go-version/version.go:298.5,298.52 1 0
github.com/burnes/go-version/version.go:298.52,300.6 1 0
github.com/burnes/go-version/version.go:303.5,304.38 2 0
github.com/burnes/go-version/version.go:304.38,306.6 1 0
github.com/burnes/go-version/version.go:308.5,308.43 1 0
